Build started 1/22/2015 8:28:59 PM.
     1>Project "D:\Projects\cinder_0.8.6_vc2013\cinder_0.8.6_vc2013\apps\BxText\vc2013\BxText.vcxproj" on node 2 (Build target(s)).
     1>ClCompile:
         C:\Program Files (x86)\Microsoft Visual Studio 12.0\VC\bin\CL.exe /c /I..\blocks\ofxFTGL\libs\FTGL\include /I"..\blocks\freetype-2.5.4\include" /I..\blocks\ofxFTGL\src /I..\include /I..\..\..\\include /I..\..\..\\boost /I..\blocks\FFGLmsw\src\FFGLSDK_1_5\Source\FFGLPlugins /I..\blocks\FFGLmsw\src\FFGLSDK_1_5\Include /Zi /nologo /W3 /WX- /MP /O2 /Oy- /GL /D WIN32 /D FTGL_LIBRARY_STATIC /D FT2_BUILD_LIBRARY /D NDEBUG /D _WINDOWS /D NOMINMAX /D _WIN32_WINNT=0x0502 /D _WINDLL /D _UNICODE /D UNICODE /Gm- /EHsc /MT /GS /fp:precise /Zc:wchar_t /Zc:forScope /Fo"Release\\" /Fd"Release\vc120.pdb" /Gd /TP /analyze- /errorReport:prompt ..\blocks\ofxFTGL\src\ofxFTGLFont.cpp ..\blocks\ofxFTGL\src\ofxFTGLSimpleLayout.cpp ..\src\BxTextApp.cpp ..\blocks\FFGLmsw\src\FFGLSDK_1_5\Source\FFGLPlugins\FFGL.cpp ..\blocks\FFGLmsw\src\FFGLSDK_1_5\Source\FFGLPlugins\FFGLPluginInfo.cpp ..\blocks\FFGLmsw\src\FFGLSDK_1_5\Source\FFGLPlugins\FFGLPluginInfoData.cpp ..\blocks\FFGLmsw\src\FFGLSDK_1_5\Source\FFGLPlugins\FFGLPluginManager.cpp ..\blocks\FFGLmsw\src\FFGLSDK_1_5\Source\FFGLPlugins\FFGLPluginSDK.cpp
         ofxFTGLFont.cpp
         ofxFTGLSimpleLayout.cpp
         BxTextApp.cpp
         FFGL.cpp
         FFGLPluginInfo.cpp
     1>..\blocks\FFGLmsw\src\FFGLSDK_1_5\Source\FFGLPlugins\FFGLPluginInfo.cpp(65): warning C4996: 'strdup': The POSIX name for this item is deprecated. Instead, use the ISO C++ conformant name: _strdup. See online help for details.
                 C:\Program Files (x86)\Microsoft Visual Studio 12.0\VC\include\string.h(245) : see declaration of 'strdup'
     1>..\blocks\FFGLmsw\src\FFGLSDK_1_5\Source\FFGLPlugins\FFGLPluginInfo.cpp(66): warning C4996: 'strdup': The POSIX name for this item is deprecated. Instead, use the ISO C++ conformant name: _strdup. See online help for details.
                 C:\Program Files (x86)\Microsoft Visual Studio 12.0\VC\include\string.h(245) : see declaration of 'strdup'
         FFGLPluginInfoData.cpp
         FFGLPluginManager.cpp
         FFGLPluginSDK.cpp
     1>..\blocks\FFGLmsw\src\FFGLSDK_1_5\Source\FFGLPlugins\FFGLPluginSDK.cpp(62): warning C4996: 'sprintf': This function or variable may be unsafe. Consider using sprintf_s instead. To disable deprecation, use _CRT_SECURE_NO_WARNINGS. See online help for details.
                 C:\Program Files (x86)\Microsoft Visual Studio 12.0\VC\include\stdio.h(356) : see declaration of 'sprintf'
     1>..\blocks\ofxFTGL\src\ofxFTGLSimpleLayout.cpp(71): warning C4244: 'argument' : conversion from 'FTGL_FLOAT' to 'int32_t', possible loss of data
     1>..\blocks\ofxFTGL\src\ofxFTGLSimpleLayout.cpp(71): warning C4244: 'argument' : conversion from 'float' to 'int32_t', possible loss of data
     1>..\blocks\ofxFTGL\src\ofxFTGLSimpleLayout.cpp(80): warning C4244: 'argument' : conversion from 'FTGL_FLOAT' to 'int32_t', possible loss of data
     1>..\blocks\ofxFTGL\src\ofxFTGLSimpleLayout.cpp(80): warning C4244: 'argument' : conversion from 'float' to 'int32_t', possible loss of data
     1>..\blocks\ofxFTGL\src\ofxFTGLFont.cpp(55): warning C4244: 'argument' : conversion from 'float' to 'const unsigned int', possible loss of data
     1>..\blocks\ofxFTGL\src\ofxFTGLFont.cpp(78): warning C4244: 'return' : conversion from 'int32_t' to 'float', possible loss of data
     1>..\blocks\ofxFTGL\src\ofxFTGLFont.cpp(84): warning C4244: 'return' : conversion from 'int32_t' to 'float', possible loss of data
     1>..\blocks\ofxFTGL\src\ofxFTGLFont.cpp(146): warning C4244: 'argument' : conversion from 'FTGL_FLOAT' to 'int32_t', possible loss of data
     1>..\blocks\ofxFTGL\src\ofxFTGLFont.cpp(146): warning C4244: 'argument' : conversion from 'float' to 'int32_t', possible loss of data
     1>..\blocks\ofxFTGL\src\ofxFTGLFont.cpp(154): warning C4244: 'argument' : conversion from 'FTGL_FLOAT' to 'int32_t', possible loss of data
     1>..\blocks\ofxFTGL\src\ofxFTGLFont.cpp(154): warning C4244: 'argument' : conversion from 'float' to 'int32_t', possible loss of data
     1>..\src\BxTextApp.cpp(141): warning C4305: 'argument' : truncation from 'double' to 'float'
     1>..\src\BxTextApp.cpp(141): warning C4244: 'argument' : conversion from 'double' to 'float', possible loss of data
     1>..\src\BxTextApp.cpp(154): warning C4244: 'argument' : conversion from 'const GLuint' to 'float', possible loss of data
     1>..\src\BxTextApp.cpp(167): warning C4146: unary minus operator applied to unsigned type, result still unsigned
     1>..\src\BxTextApp.cpp(200): warning C4244: 'argument' : conversion from 'double' to 'float', possible loss of data
     1>..\src\BxTextApp.cpp(228): warning C4244: '=' : conversion from 'int' to 'GLfloat', possible loss of data
     1>..\src\BxTextApp.cpp(230): warning C4244: '=' : conversion from 'int' to 'GLfloat', possible loss of data
     1>..\src\BxTextApp.cpp(231): warning C4244: '=' : conversion from 'int' to 'GLfloat', possible loss of data
     1>..\src\BxTextApp.cpp(233): warning C4244: '=' : conversion from 'GLdouble' to 'GLfloat', possible loss of data
     1>..\src\BxTextApp.cpp(234): warning C4244: '=' : conversion from 'GLdouble' to 'GLfloat', possible loss of data
     1>..\src\BxTextApp.cpp(236): warning C4244: '=' : conversion from 'GLdouble' to 'GLfloat', possible loss of data
     1>..\src\BxTextApp.cpp(247): warning C4244: 'argument' : conversion from 'int' to 'float', possible loss of data
     1>..\src\BxTextApp.cpp(317): warning C4244: 'argument' : conversion from 'int' to 'float', possible loss of data
       Link:
         C:\Program Files (x86)\Microsoft Visual Studio 12.0\VC\bin\link.exe /ERRORREPORT:PROMPT /OUT:"D:\Projects\cinder_0.8.6_vc2013\cinder_0.8.6_vc2013\apps\BxText\vc2013\Release\BxText.dll" /INCREMENTAL:NO /NOLOGO /LIBPATH:..\blocks\ofxFTGL\libs\FTGL\lib\vs /LIBPATH:..\..\..\\lib\msw\x86 "cinder-v120.lib" ftgl_static.lib freetype254.lib kernel32.lib user32.lib gdi32.lib winspool.lib comdlg32.lib advapi32.lib shell32.lib ole32.lib oleaut32.lib uuid.lib odbc32.lib odbccp32.lib glu32.lib /DEF:"ffglPlugins.def" /MANIFEST /MANIFESTUAC:"level='asInvoker' uiAccess='false'" /manifest:embed /PDB:"D:\Projects\cinder_0.8.6_vc2013\cinder_0.8.6_vc2013\apps\BxText\vc2013\Release\BxText.pdb" /MAP /SUBSYSTEM:WINDOWS /OPT:REF /LTCG /TLBID:1 /DYNAMICBASE:NO /IMPLIB:"D:\Projects\cinder_0.8.6_vc2013\cinder_0.8.6_vc2013\apps\BxText\vc2013\Release\BxText.lib" /MACHINE:X86 /SAFESEH /DLL Release\Resources.res
         Release\ofxFTGLFont.obj
         Release\ofxFTGLSimpleLayout.obj
         Release\BxTextApp.obj
         Release\FFGL.obj
         Release\FFGLPluginInfo.obj
         Release\FFGLPluginInfoData.obj
         Release\FFGLPluginManager.obj
         Release\FFGLPluginSDK.obj
            Creating library D:\Projects\cinder_0.8.6_vc2013\cinder_0.8.6_vc2013\apps\BxText\vc2013\Release\BxText.lib and object D:\Projects\cinder_0.8.6_vc2013\cinder_0.8.6_vc2013\apps\BxText\vc2013\Release\BxText.exp
         Generating code
         Finished generating code
         BxText.vcxproj -> D:\Projects\cinder_0.8.6_vc2013\cinder_0.8.6_vc2013\apps\BxText\vc2013\Release\BxText.dll
     1>Done Building Project "D:\Projects\cinder_0.8.6_vc2013\cinder_0.8.6_vc2013\apps\BxText\vc2013\BxText.vcxproj" (Build target(s)).

Build succeeded.

Time Elapsed 00:00:08.28
